This file contains any messages produced by compilers while
running configure, to aid debugging if configure makes a mistake.

It was created by RudeCGI configure 5.0.0, which was
generated by GNU Autoconf 2.59.  Invocation command line was

  $ ./configure 

## --------- ##
## Platform. ##
## --------- ##

hostname = precise64
uname -m = x86_64
uname -r = 3.2.0-23-generic
uname -s = Linux
uname -v = #36-Ubuntu SMP Tue Apr 10 20:39:51 UTC 2012

/usr/bin/uname -p = unknown
/bin/uname -X     = unknown

/bin/arch              = unknown
/usr/bin/arch -k       = unknown
/usr/convex/getsysinfo = unknown
hostinfo               = unknown
/bin/machine           = unknown
/usr/bin/oslevel       = unknown
/bin/universe          = unknown

PATH: /usr/local/sbin
PATH: /usr/local/bin
PATH: /usr/sbin
PATH: /usr/bin
PATH: /sbin
PATH: /bin
PATH: /usr/games
PATH: /opt/vagrant_ruby/bin


## ----------- ##
## Core tests. ##
## ----------- ##

configure:1543: checking build system type
configure:1561: result: x86_64-unknown-linux-gnu
configure:1569: checking host system type
configure:1583: result: x86_64-unknown-linux-gnu
configure:1591: checking target system type
configure:1605: result: x86_64-unknown-linux-gnu
configure:1633: checking for a BSD-compatible install
configure:1688: result: /usr/bin/install -c
configure:1699: checking whether build environment is sane
configure:1742: result: yes
configure:1807: checking for gawk
configure:1836: result: no
configure:1807: checking for mawk
configure:1823: found /usr/bin/mawk
configure:1833: result: mawk
configure:1843: checking whether make sets $(MAKE)
configure:1863: result: yes
configure:2086: checking for g++
configure:2102: found /usr/bin/g++
configure:2112: result: g++
configure:2128: checking for C++ compiler version
configure:2131: g++ --version </dev/null >&5
g++ (Ubuntu/Linaro 4.6.3-1ubuntu5) 4.6.3
Copyright (C) 2011 Free Software Foundation, Inc.
This is free software; see the source for copying conditions.  There is NO
warranty; not even for MERCHANTABILITY or FITNESS FOR A PARTICULAR PURPOSE.

configure:2134: $? = 0
configure:2136: g++ -v </dev/null >&5
Using built-in specs.
COLLECT_GCC=g++
COLLECT_LTO_WRAPPER=/usr/lib/gcc/x86_64-linux-gnu/4.6/lto-wrapper
Target: x86_64-linux-gnu
Configured with: ../src/configure -v --with-pkgversion='Ubuntu/Linaro 4.6.3-1ubuntu5' --with-bugurl=file:///usr/share/doc/gcc-4.6/README.Bugs --enable-languages=c,c++,fortran,objc,obj-c++ --prefix=/usr --program-suffix=-4.6 --enable-shared --enable-linker-build-id --with-system-zlib --libexecdir=/usr/lib --without-included-gettext --enable-threads=posix --with-gxx-include-dir=/usr/include/c++/4.6 --libdir=/usr/lib --enable-nls --with-sysroot=/ --enable-clocale=gnu --enable-libstdcxx-debug --enable-libstdcxx-time=yes --enable-gnu-unique-object --enable-plugin --enable-objc-gc --disable-werror --with-arch-32=i686 --with-tune=generic --enable-checking=release --build=x86_64-linux-gnu --host=x86_64-linux-gnu --target=x86_64-linux-gnu
Thread model: posix
gcc version 4.6.3 (Ubuntu/Linaro 4.6.3-1ubuntu5) 
configure:2139: $? = 0
configure:2141: g++ -V </dev/null >&5
g++: error: unrecognized option '-V'
g++: fatal error: no input files
compilation terminated.
configure:2144: $? = 4
configure:2167: checking for C++ compiler default output file name
configure:2170: g++    conftest.cc  >&5
configure:2173: $? = 0
configure:2219: result: a.out
configure:2224: checking whether the C++ compiler works
configure:2230: ./a.out
configure:2233: $? = 0
configure:2250: result: yes
configure:2257: checking whether we are cross compiling
configure:2259: result: no
configure:2262: checking for suffix of executables
configure:2264: g++ -o conftest    conftest.cc  >&5
configure:2267: $? = 0
configure:2292: result: 
configure:2298: checking for suffix of object files
configure:2319: g++ -c   conftest.cc >&5
configure:2322: $? = 0
configure:2344: result: o
configure:2348: checking whether we are using the GNU C++ compiler
configure:2372: g++ -c   conftest.cc >&5
configure:2378: $? = 0
configure:2382: test -z 
			 || test ! -s conftest.err
configure:2385: $? = 0
configure:2388: test -s conftest.o
configure:2391: $? = 0
configure:2404: result: yes
configure:2410: checking whether g++ accepts -g
configure:2431: g++ -c -g  conftest.cc >&5
configure:2437: $? = 0
configure:2441: test -z 
			 || test ! -s conftest.err
configure:2444: $? = 0
configure:2447: test -s conftest.o
configure:2450: $? = 0
configure:2461: result: yes
configure:2503: g++ -c -g -O2  conftest.cc >&5
configure:2509: $? = 0
configure:2513: test -z 
			 || test ! -s conftest.err
configure:2516: $? = 0
configure:2519: test -s conftest.o
configure:2522: $? = 0
configure:2548: g++ -c -g -O2  conftest.cc >&5
conftest.cc: In function 'int main()':
conftest.cc:15:9: error: 'exit' was not declared in this scope
configure:2554: $? = 1
configure: failed program was:
| /* confdefs.h.  */
| 
| #define PACKAGE_NAME "RudeCGI"
| #define PACKAGE_TARNAME "rudecgi"
| #define PACKAGE_VERSION "5.0.0"
| #define PACKAGE_STRING "RudeCGI 5.0.0"
| #define PACKAGE_BUGREPORT "matt@rudeserver.com"
| #define PACKAGE "rudecgi"
| #define VERSION "5.0.0"
| /* end confdefs.h.  */
| 
| int
| main ()
| {
| exit (42);
|   ;
|   return 0;
| }
configure:2503: g++ -c -g -O2  conftest.cc >&5
conftest.cc:11:40: error: 'void std::exit(int)' should have been declared inside 'std'
configure:2509: $? = 1
configure: failed program was:
| /* confdefs.h.  */
| 
| #define PACKAGE_NAME "RudeCGI"
| #define PACKAGE_TARNAME "rudecgi"
| #define PACKAGE_VERSION "5.0.0"
| #define PACKAGE_STRING "RudeCGI 5.0.0"
| #define PACKAGE_BUGREPORT "matt@rudeserver.com"
| #define PACKAGE "rudecgi"
| #define VERSION "5.0.0"
| /* end confdefs.h.  */
| extern "C" void std::exit (int) throw (); using std::exit;
| #include <stdlib.h>
| int
| main ()
| {
| exit (42);
|   ;
|   return 0;
| }
configure:2503: g++ -c -g -O2  conftest.cc >&5
conftest.cc:11:31: error: 'void std::exit(int)' should have been declared inside 'std'
In file included from conftest.cc:12:0:
/usr/include/stdlib.h:544:70: error: declaration of 'void std::exit(int) throw ()' has a different exception specifier
conftest.cc:11:17: error: from previous declaration 'void std::exit(int)'
configure:2509: $? = 1
configure: failed program was:
| /* confdefs.h.  */
| 
| #define PACKAGE_NAME "RudeCGI"
| #define PACKAGE_TARNAME "rudecgi"
| #define PACKAGE_VERSION "5.0.0"
| #define PACKAGE_STRING "RudeCGI 5.0.0"
| #define PACKAGE_BUGREPORT "matt@rudeserver.com"
| #define PACKAGE "rudecgi"
| #define VERSION "5.0.0"
| /* end confdefs.h.  */
| extern "C" void std::exit (int); using std::exit;
| #include <stdlib.h>
| int
| main ()
| {
| exit (42);
|   ;
|   return 0;
| }
configure:2503: g++ -c -g -O2  conftest.cc >&5
configure:2509: $? = 0
configure:2513: test -z 
			 || test ! -s conftest.err
configure:2516: $? = 0
configure:2519: test -s conftest.o
configure:2522: $? = 0
configure:2548: g++ -c -g -O2  conftest.cc >&5
configure:2554: $? = 0
configure:2558: test -z 
			 || test ! -s conftest.err
configure:2561: $? = 0
configure:2564: test -s conftest.o
configure:2567: $? = 0
configure:2601: checking for style of include used by make
configure:2629: result: GNU
configure:2657: checking dependency style of g++
configure:2747: result: gcc3
configure:2810: checking for gcc
configure:2826: found /usr/bin/gcc
configure:2836: result: gcc
configure:3080: checking for C compiler version
configure:3083: gcc --version </dev/null >&5
gcc (Ubuntu/Linaro 4.6.3-1ubuntu5) 4.6.3
Copyright (C) 2011 Free Software Foundation, Inc.
This is free software; see the source for copying conditions.  There is NO
warranty; not even for MERCHANTABILITY or FITNESS FOR A PARTICULAR PURPOSE.

configure:3086: $? = 0
configure:3088: gcc -v </dev/null >&5
Using built-in specs.
COLLECT_GCC=gcc
COLLECT_LTO_WRAPPER=/usr/lib/gcc/x86_64-linux-gnu/4.6/lto-wrapper
Target: x86_64-linux-gnu
Configured with: ../src/configure -v --with-pkgversion='Ubuntu/Linaro 4.6.3-1ubuntu5' --with-bugurl=file:///usr/share/doc/gcc-4.6/README.Bugs --enable-languages=c,c++,fortran,objc,obj-c++ --prefix=/usr --program-suffix=-4.6 --enable-shared --enable-linker-build-id --with-system-zlib --libexecdir=/usr/lib --without-included-gettext --enable-threads=posix --with-gxx-include-dir=/usr/include/c++/4.6 --libdir=/usr/lib --enable-nls --with-sysroot=/ --enable-clocale=gnu --enable-libstdcxx-debug --enable-libstdcxx-time=yes --enable-gnu-unique-object --enable-plugin --enable-objc-gc --disable-werror --with-arch-32=i686 --with-tune=generic --enable-checking=release --build=x86_64-linux-gnu --host=x86_64-linux-gnu --target=x86_64-linux-gnu
Thread model: posix
gcc version 4.6.3 (Ubuntu/Linaro 4.6.3-1ubuntu5) 
configure:3091: $? = 0
configure:3093: gcc -V </dev/null >&5
gcc: error: unrecognized option '-V'
gcc: fatal error: no input files
compilation terminated.
configure:3096: $? = 4
configure:3099: checking whether we are using the GNU C compiler
configure:3123: gcc -c   conftest.c >&5
configure:3129: $? = 0
configure:3133: test -z 
			 || test ! -s conftest.err
configure:3136: $? = 0
configure:3139: test -s conftest.o
configure:3142: $? = 0
configure:3155: result: yes
configure:3161: checking whether gcc accepts -g
configure:3182: gcc -c -g  conftest.c >&5
configure:3188: $? = 0
configure:3192: test -z 
			 || test ! -s conftest.err
configure:3195: $? = 0
configure:3198: test -s conftest.o
configure:3201: $? = 0
configure:3212: result: yes
configure:3229: checking for gcc option to accept ANSI C
configure:3299: gcc  -c -g -O2  conftest.c >&5
configure:3305: $? = 0
configure:3309: test -z 
			 || test ! -s conftest.err
configure:3312: $? = 0
configure:3315: test -s conftest.o
configure:3318: $? = 0
configure:3336: result: none needed
configure:3354: gcc -c -g -O2  conftest.c >&5
conftest.c:2:3: error: unknown type name 'choke'
conftest.c:2:3: error: expected '=', ',', ';', 'asm' or '__attribute__' at end of input
configure:3360: $? = 1
configure: failed program was:
| #ifndef __cplusplus
|   choke me
| #endif
configure:3495: checking dependency style of gcc
configure:3585: result: gcc3
configure:3674: checking for a sed that does not truncate output
configure:3728: result: /bin/sed
configure:3731: checking for egrep
configure:3741: result: grep -E
configure:3757: checking for ld used by gcc
configure:3824: result: /usr/bin/ld
configure:3833: checking if the linker (/usr/bin/ld) is GNU ld
configure:3848: result: yes
configure:3853: checking for /usr/bin/ld option to reload object files
configure:3860: result: -r
configure:3878: checking for BSD-compatible nm
configure:3927: result: /usr/bin/nm -B
configure:3931: checking whether ln -s works
configure:3935: result: yes
configure:3942: checking how to recognise dependent libraries
configure:4118: result: pass_all
configure:4206: gcc -c -g -O2  conftest.c >&5
configure:4209: $? = 0
configure:4355: checking how to run the C preprocessor
configure:4390: gcc -E  conftest.c
configure:4396: $? = 0
configure:4428: gcc -E  conftest.c
conftest.c:14:28: fatal error: ac_nonexistent.h: No such file or directory
compilation terminated.
configure:4434: $? = 1
configure: failed program was:
| /* confdefs.h.  */
| 
| #define PACKAGE_NAME "RudeCGI"
| #define PACKAGE_TARNAME "rudecgi"
| #define PACKAGE_VERSION "5.0.0"
| #define PACKAGE_STRING "RudeCGI 5.0.0"
| #define PACKAGE_BUGREPORT "matt@rudeserver.com"
| #define PACKAGE "rudecgi"
| #define VERSION "5.0.0"
| #ifdef __cplusplus
| extern "C" void exit (int) throw ();
| #endif
| /* end confdefs.h.  */
| #include <ac_nonexistent.h>
configure:4473: result: gcc -E
configure:4497: gcc -E  conftest.c
configure:4503: $? = 0
configure:4535: gcc -E  conftest.c
conftest.c:14:28: fatal error: ac_nonexistent.h: No such file or directory
compilation terminated.
configure:4541: $? = 1
configure: failed program was:
| /* confdefs.h.  */
| 
| #define PACKAGE_NAME "RudeCGI"
| #define PACKAGE_TARNAME "rudecgi"
| #define PACKAGE_VERSION "5.0.0"
| #define PACKAGE_STRING "RudeCGI 5.0.0"
| #define PACKAGE_BUGREPORT "matt@rudeserver.com"
| #define PACKAGE "rudecgi"
| #define VERSION "5.0.0"
| #ifdef __cplusplus
| extern "C" void exit (int) throw ();
| #endif
| /* end confdefs.h.  */
| #include <ac_nonexistent.h>
configure:4585: checking for ANSI C header files
configure:4610: gcc -c -g -O2  conftest.c >&5
configure:4616: $? = 0
configure:4620: test -z 
			 || test ! -s conftest.err
configure:4623: $? = 0
configure:4626: test -s conftest.o
configure:4629: $? = 0
configure:4718: gcc -o conftest -g -O2   conftest.c  >&5
conftest.c: In function 'main':
conftest.c:31:7: warning: incompatible implicit declaration of built-in function 'exit' [enabled by default]
configure:4721: $? = 0
configure:4723: ./conftest
configure:4726: $? = 0
configure:4741: result: yes
configure:4765: checking for sys/types.h
configure:4781: gcc -c -g -O2  conftest.c >&5
configure:4787: $? = 0
configure:4791: test -z 
			 || test ! -s conftest.err
configure:4794: $? = 0
configure:4797: test -s conftest.o
configure:4800: $? = 0
configure:4811: result: yes
configure:4765: checking for sys/stat.h
configure:4781: gcc -c -g -O2  conftest.c >&5
configure:4787: $? = 0
configure:4791: test -z 
			 || test ! -s conftest.err
configure:4794: $? = 0
configure:4797: test -s conftest.o
configure:4800: $? = 0
configure:4811: result: yes
configure:4765: checking for stdlib.h
configure:4781: gcc -c -g -O2  conftest.c >&5
configure:4787: $? = 0
configure:4791: test -z 
			 || test ! -s conftest.err
configure:4794: $? = 0
configure:4797: test -s conftest.o
configure:4800: $? = 0
configure:4811: result: yes
configure:4765: checking for string.h
configure:4781: gcc -c -g -O2  conftest.c >&5
configure:4787: $? = 0
configure:4791: test -z 
			 || test ! -s conftest.err
configure:4794: $? = 0
configure:4797: test -s conftest.o
configure:4800: $? = 0
configure:4811: result: yes
configure:4765: checking for memory.h
configure:4781: gcc -c -g -O2  conftest.c >&5
configure:4787: $? = 0
configure:4791: test -z 
			 || test ! -s conftest.err
configure:4794: $? = 0
configure:4797: test -s conftest.o
configure:4800: $? = 0
configure:4811: result: yes
configure:4765: checking for strings.h
configure:4781: gcc -c -g -O2  conftest.c >&5
configure:4787: $? = 0
configure:4791: test -z 
			 || test ! -s conftest.err
configure:4794: $? = 0
configure:4797: test -s conftest.o
configure:4800: $? = 0
configure:4811: result: yes
configure:4765: checking for inttypes.h
configure:4781: gcc -c -g -O2  conftest.c >&5
configure:4787: $? = 0
configure:4791: test -z 
			 || test ! -s conftest.err
configure:4794: $? = 0
configure:4797: test -s conftest.o
configure:4800: $? = 0
configure:4811: result: yes
configure:4765: checking for stdint.h
configure:4781: gcc -c -g -O2  conftest.c >&5
configure:4787: $? = 0
configure:4791: test -z 
			 || test ! -s conftest.err
configure:4794: $? = 0
configure:4797: test -s conftest.o
configure:4800: $? = 0
configure:4811: result: yes
configure:4765: checking for unistd.h
configure:4781: gcc -c -g -O2  conftest.c >&5
configure:4787: $? = 0
configure:4791: test -z 
			 || test ! -s conftest.err
configure:4794: $? = 0
configure:4797: test -s conftest.o
configure:4800: $? = 0
configure:4811: result: yes
configure:4837: checking dlfcn.h usability
configure:4849: gcc -c -g -O2  conftest.c >&5
configure:4855: $? = 0
configure:4859: test -z 
			 || test ! -s conftest.err
configure:4862: $? = 0
configure:4865: test -s conftest.o
configure:4868: $? = 0
configure:4878: result: yes
configure:4882: checking dlfcn.h presence
configure:4892: gcc -E  conftest.c
configure:4898: $? = 0
configure:4918: result: yes
configure:4953: checking for dlfcn.h
configure:4960: result: yes
configure:4983: checking how to run the C++ preprocessor
configure:5014: g++ -E  conftest.cc
configure:5020: $? = 0
configure:5052: g++ -E  conftest.cc
conftest.cc:25:28: fatal error: ac_nonexistent.h: No such file or directory
compilation terminated.
configure:5058: $? = 1
configure: failed program was:
| /* confdefs.h.  */
| 
| #define PACKAGE_NAME "RudeCGI"
| #define PACKAGE_TARNAME "rudecgi"
| #define PACKAGE_VERSION "5.0.0"
| #define PACKAGE_STRING "RudeCGI 5.0.0"
| #define PACKAGE_BUGREPORT "matt@rudeserver.com"
| #define PACKAGE "rudecgi"
| #define VERSION "5.0.0"
| #ifdef __cplusplus
| extern "C" void exit (int) throw ();
| #endif
| #define STDC_HEADERS 1
| #define HAVE_SYS_TYPES_H 1
| #define HAVE_SYS_STAT_H 1
| #define HAVE_STDLIB_H 1
| #define HAVE_STRING_H 1
| #define HAVE_MEMORY_H 1
| #define HAVE_STRINGS_H 1
| #define HAVE_INTTYPES_H 1
| #define HAVE_STDINT_H 1
| #define HAVE_UNISTD_H 1
| #define HAVE_DLFCN_H 1
| /* end confdefs.h.  */
| #include <ac_nonexistent.h>
configure:5097: result: g++ -E
configure:5121: g++ -E  conftest.cc
configure:5127: $? = 0
configure:5159: g++ -E  conftest.cc
conftest.cc:25:28: fatal error: ac_nonexistent.h: No such file or directory
compilation terminated.
configure:5165: $? = 1
configure: failed program was:
| /* confdefs.h.  */
| 
| #define PACKAGE_NAME "RudeCGI"
| #define PACKAGE_TARNAME "rudecgi"
| #define PACKAGE_VERSION "5.0.0"
| #define PACKAGE_STRING "RudeCGI 5.0.0"
| #define PACKAGE_BUGREPORT "matt@rudeserver.com"
| #define PACKAGE "rudecgi"
| #define VERSION "5.0.0"
| #ifdef __cplusplus
| extern "C" void exit (int) throw ();
| #endif
| #define STDC_HEADERS 1
| #define HAVE_SYS_TYPES_H 1
| #define HAVE_SYS_STAT_H 1
| #define HAVE_STDLIB_H 1
| #define HAVE_STRING_H 1
| #define HAVE_MEMORY_H 1
| #define HAVE_STRINGS_H 1
| #define HAVE_INTTYPES_H 1
| #define HAVE_STDINT_H 1
| #define HAVE_UNISTD_H 1
| #define HAVE_DLFCN_H 1
| /* end confdefs.h.  */
| #include <ac_nonexistent.h>
configure:5262: checking for g77
configure:5291: result: no
configure:5262: checking for f77
configure:5291: result: no
configure:5262: checking for xlf
configure:5291: result: no
configure:5262: checking for frt
configure:5291: result: no
configure:5262: checking for pgf77
configure:5291: result: no
configure:5262: checking for fort77
configure:5291: result: no
configure:5262: checking for fl32
configure:5291: result: no
configure:5262: checking for af77
configure:5291: result: no
configure:5262: checking for f90
configure:5291: result: no
configure:5262: checking for xlf90
configure:5291: result: no
configure:5262: checking for pgf90
configure:5291: result: no
configure:5262: checking for epcf90
configure:5291: result: no
configure:5262: checking for f95
configure:5291: result: no
configure:5262: checking for fort
configure:5291: result: no
configure:5262: checking for xlf95
configure:5291: result: no
configure:5262: checking for ifc
configure:5291: result: no
configure:5262: checking for efc
configure:5291: result: no
configure:5262: checking for pgf95
configure:5291: result: no
configure:5262: checking for lf95
configure:5291: result: no
configure:5262: checking for gfortran
configure:5291: result: no
configure:5303: checking for Fortran 77 compiler version
configure:5306:  --version </dev/null >&5
./configure: line 5307: --version: command not found
configure:5309: $? = 127
configure:5311:  -v </dev/null >&5
./configure: line 5312: -v: command not found
configure:5314: $? = 127
configure:5316:  -V </dev/null >&5
./configure: line 5317: -V: command not found
configure:5319: $? = 127
configure:5327: checking whether we are using the GNU Fortran 77 compiler
configure:5341:  -c  conftest.F >&5
./configure: line 5342: -c: command not found
configure:5347: $? = 127
configure: failed program was:
|       program main
| #ifndef __GNUC__
|        choke me
| #endif
| 
|       end
configure:5373: result: no
configure:5379: checking whether  accepts -g
configure:5391:  -c -g conftest.f >&5
./configure: line 5392: -c: command not found
configure:5397: $? = 127
configure: failed program was:
|       program main
| 
|       end
configure:5422: result: no
configure:5452: checking the maximum length of command line arguments
configure:5561: result: 32768
configure:5572: checking command to parse /usr/bin/nm -B output from gcc object
configure:5677: gcc -c -g -O2  conftest.c >&5
configure:5680: $? = 0
configure:5684: /usr/bin/nm -B conftest.o \| sed -n -e 's/^.*[ 	]\([ABCDGIRSTW][ABCDGIRSTW]*\)[ 	][ 	]*\([_A-Za-z][_A-Za-z0-9]*\)$/\1 \2 \2/p' \> conftest.nm
configure:5687: $? = 0
configure:5739: gcc -o conftest -g -O2   conftest.c conftstm.o >&5
configure:5742: $? = 0
configure:5780: result: ok
configure:5784: checking for objdir
configure:5799: result: .libs
configure:5889: checking for ar
configure:5905: found /usr/bin/ar
configure:5916: result: ar
configure:5969: checking for ranlib
configure:5985: found /usr/bin/ranlib
configure:5996: result: ranlib
configure:6049: checking for strip
configure:6065: found /usr/bin/strip
configure:6076: result: strip
configure:6348: checking if gcc supports -fno-rtti -fno-exceptions
configure:6366: gcc -c -g -O2  -fno-rtti -fno-exceptions conftest.c >&5
cc1: warning: command line option '-fno-rtti' is valid for C++/ObjC++ but not for C [enabled by default]
configure:6370: $? = 0
configure:6383: result: no
configure:6398: checking for gcc option to produce PIC
configure:6608: result: -fPIC
configure:6616: checking if gcc PIC flag -fPIC works
configure:6634: gcc -c -g -O2  -fPIC -DPIC conftest.c >&5
configure:6638: $? = 0
configure:6651: result: yes
configure:6679: checking if gcc static flag -static works
configure:6707: result: yes
configure:6717: checking if gcc supports -c -o file.o
configure:6738: gcc -c -g -O2  -o out/conftest2.o conftest.c >&5
configure:6742: $? = 0
configure:6764: result: yes
configure:6790: checking whether the gcc linker (/usr/bin/ld -m elf_x86_64) supports shared libraries
configure:7748: result: yes
configure:7769: checking whether -lc should be explicitly linked in
configure:7774: gcc -c -g -O2  conftest.c >&5
configure:7777: $? = 0
configure:7792: gcc -shared conftest.o  -v -Wl,-soname -Wl,conftest -o conftest 2\>\&1 \| grep  -lc  \>/dev/null 2\>\&1
configure:7795: $? = 0
configure:7807: result: no
configure:7815: checking dynamic linker characteristics
configure:8208: gcc -c -g -O2  conftest.c >&5
configure:8211: $? = 0
configure:8424: result: GNU/Linux ld.so
configure:8433: checking how to hardcode library paths into programs
configure:8458: result: immediate
configure:8472: checking whether stripping libraries is possible
configure:8477: result: yes
configure:9311: checking if libtool supports shared libraries
configure:9313: result: yes
configure:9316: checking whether to build shared libraries
configure:9337: result: yes
configure:9340: checking whether to build static libraries
configure:9344: result: yes
configure:9436: creating libtool
configure:10024: checking for ld used by g++
configure:10091: result: /usr/bin/ld -m elf_x86_64
configure:10100: checking if the linker (/usr/bin/ld -m elf_x86_64) is GNU ld
configure:10115: result: yes
configure:10166: checking whether the g++ linker (/usr/bin/ld -m elf_x86_64) supports shared libraries
configure:11104: result: yes
configure:11122: g++ -c -g -O2  conftest.cpp >&5
configure:11125: $? = 0
configure:11244: checking for g++ option to produce PIC
configure:11518: result: -fPIC
configure:11526: checking if g++ PIC flag -fPIC works
configure:11544: g++ -c -g -O2  -fPIC -DPIC conftest.cpp >&5
configure:11548: $? = 0
configure:11561: result: yes
configure:11589: checking if g++ static flag -static works
configure:11617: result: yes
configure:11627: checking if g++ supports -c -o file.o
configure:11648: g++ -c -g -O2  -o out/conftest2.o conftest.cpp >&5
configure:11652: $? = 0
configure:11674: result: yes
configure:11700: checking whether the g++ linker (/usr/bin/ld -m elf_x86_64) supports shared libraries
configure:11725: result: yes
configure:11792: checking dynamic linker characteristics
configure:12185: g++ -c -g -O2  conftest.cpp >&5
configure:12188: $? = 0
configure:12401: result: GNU/Linux ld.so
configure:12410: checking how to hardcode library paths into programs
configure:12435: result: immediate
configure:18631: checking for ANSI C header files
configure:18787: result: yes
configure:18813: checking fcntl.h usability
configure:18825: gcc -c -g -O2  conftest.c >&5
configure:18831: $? = 0
configure:18835: test -z 
			 || test ! -s conftest.err
configure:18838: $? = 0
configure:18841: test -s conftest.o
configure:18844: $? = 0
configure:18854: result: yes
configure:18858: checking fcntl.h presence
configure:18868: gcc -E  conftest.c
configure:18874: $? = 0
configure:18894: result: yes
configure:18929: checking for fcntl.h
configure:18936: result: yes
configure:18804: checking for stdlib.h
configure:18809: result: yes
configure:18804: checking for string.h
configure:18809: result: yes
configure:18951: checking for an ANSI C-conforming const
configure:19018: gcc -c -g -O2  conftest.c >&5
configure:19024: $? = 0
configure:19028: test -z 
			 || test ! -s conftest.err
configure:19031: $? = 0
configure:19034: test -s conftest.o
configure:19037: $? = 0
configure:19048: result: yes
configure:19058: checking for inline
configure:19079: gcc -c -g -O2  conftest.c >&5
configure:19085: $? = 0
configure:19089: test -z 
			 || test ! -s conftest.err
configure:19092: $? = 0
configure:19095: test -s conftest.o
configure:19098: $? = 0
configure:19110: result: inline
configure:19129: checking for size_t
configure:19153: gcc -c -g -O2  conftest.c >&5
configure:19159: $? = 0
configure:19163: test -z 
			 || test ! -s conftest.err
configure:19166: $? = 0
configure:19169: test -s conftest.o
configure:19172: $? = 0
configure:19183: result: yes
configure:19204: checking for strchr
configure:19261: gcc -o conftest -g -O2   conftest.c  >&5
conftest.c:53:6: warning: conflicting types for built-in function 'strchr' [enabled by default]
configure:19267: $? = 0
configure:19271: test -z 
			 || test ! -s conftest.err
configure:19274: $? = 0
configure:19277: test -s conftest
configure:19280: $? = 0
configure:19292: result: yes
configure:19204: checking for strcspn
configure:19261: gcc -o conftest -g -O2   conftest.c  >&5
conftest.c:54:6: warning: conflicting types for built-in function 'strcspn' [enabled by default]
configure:19267: $? = 0
configure:19271: test -z 
			 || test ! -s conftest.err
configure:19274: $? = 0
configure:19277: test -s conftest
configure:19280: $? = 0
configure:19292: result: yes
configure:19204: checking for strrchr
configure:19261: gcc -o conftest -g -O2   conftest.c  >&5
conftest.c:55:6: warning: conflicting types for built-in function 'strrchr' [enabled by default]
configure:19267: $? = 0
configure:19271: test -z 
			 || test ! -s conftest.err
configure:19274: $? = 0
configure:19277: test -s conftest
configure:19280: $? = 0
configure:19292: result: yes
configure:19204: checking for strstr
configure:19261: gcc -o conftest -g -O2   conftest.c  >&5
conftest.c:56:6: warning: conflicting types for built-in function 'strstr' [enabled by default]
configure:19267: $? = 0
configure:19271: test -z 
			 || test ! -s conftest.err
configure:19274: $? = 0
configure:19277: test -s conftest
configure:19280: $? = 0
configure:19292: result: yes
configure:19450: creating ./config.status

## ---------------------- ##
## Running config.status. ##
## ---------------------- ##

This file was extended by RudeCGI config.status 5.0.0, which was
generated by GNU Autoconf 2.59.  Invocation command line was

  CONFIG_FILES    = 
  CONFIG_HEADERS  = 
  CONFIG_LINKS    = 
  CONFIG_COMMANDS = 
  $ ./config.status 

on precise64

config.status:710: creating Makefile
config.status:893: executing depfiles commands

## ---------------- ##
## Cache variables. ##
## ---------------- ##

ac_cv_build=x86_64-unknown-linux-gnu
ac_cv_build_alias=x86_64-unknown-linux-gnu
ac_cv_c_compiler_gnu=yes
ac_cv_c_const=yes
ac_cv_c_inline=inline
ac_cv_cxx_compiler_gnu=yes
ac_cv_env_CC_set=
ac_cv_env_CC_value=
ac_cv_env_CFLAGS_set=
ac_cv_env_CFLAGS_value=
ac_cv_env_CPPFLAGS_set=
ac_cv_env_CPPFLAGS_value=
ac_cv_env_CPP_set=
ac_cv_env_CPP_value=
ac_cv_env_CXXCPP_set=
ac_cv_env_CXXCPP_value=
ac_cv_env_CXXFLAGS_set=
ac_cv_env_CXXFLAGS_value=
ac_cv_env_CXX_set=
ac_cv_env_CXX_value=
ac_cv_env_F77_set=
ac_cv_env_F77_value=
ac_cv_env_FFLAGS_set=
ac_cv_env_FFLAGS_value=
ac_cv_env_LDFLAGS_set=
ac_cv_env_LDFLAGS_value=
ac_cv_env_build_alias_set=
ac_cv_env_build_alias_value=
ac_cv_env_host_alias_set=
ac_cv_env_host_alias_value=
ac_cv_env_target_alias_set=
ac_cv_env_target_alias_value=
ac_cv_exeext=
ac_cv_f77_compiler_gnu=no
ac_cv_func_strchr=yes
ac_cv_func_strcspn=yes
ac_cv_func_strrchr=yes
ac_cv_func_strstr=yes
ac_cv_header_dlfcn_h=yes
ac_cv_header_fcntl_h=yes
ac_cv_header_inttypes_h=yes
ac_cv_header_memory_h=yes
ac_cv_header_stdc=yes
ac_cv_header_stdint_h=yes
ac_cv_header_stdlib_h=yes
ac_cv_header_string_h=yes
ac_cv_header_strings_h=yes
ac_cv_header_sys_stat_h=yes
ac_cv_header_sys_types_h=yes
ac_cv_header_unistd_h=yes
ac_cv_host=x86_64-unknown-linux-gnu
ac_cv_host_alias=x86_64-unknown-linux-gnu
ac_cv_objext=o
ac_cv_path_install='/usr/bin/install -c'
ac_cv_prog_AWK=mawk
ac_cv_prog_CPP='gcc -E'
ac_cv_prog_CXXCPP='g++ -E'
ac_cv_prog_ac_ct_AR=ar
ac_cv_prog_ac_ct_CC=gcc
ac_cv_prog_ac_ct_CXX=g++
ac_cv_prog_ac_ct_RANLIB=ranlib
ac_cv_prog_ac_ct_STRIP=strip
ac_cv_prog_cc_g=yes
ac_cv_prog_cc_stdc=
ac_cv_prog_cxx_g=yes
ac_cv_prog_egrep='grep -E'
ac_cv_prog_f77_g=no
ac_cv_prog_make_make_set=yes
ac_cv_target=x86_64-unknown-linux-gnu
ac_cv_target_alias=x86_64-unknown-linux-gnu
ac_cv_type_size_t=yes
am_cv_CC_dependencies_compiler_type=gcc3
am_cv_CXX_dependencies_compiler_type=gcc3
lt_cv_deplibs_check_method=pass_all
lt_cv_file_magic_cmd='$MAGIC_CMD'
lt_cv_file_magic_test_file=
lt_cv_ld_reload_flag=-r
lt_cv_objdir=.libs
lt_cv_path_LD=/usr/bin/ld
lt_cv_path_LDCXX='/usr/bin/ld -m elf_x86_64'
lt_cv_path_NM='/usr/bin/nm -B'
lt_cv_path_SED=/bin/sed
lt_cv_prog_compiler_c_o=yes
lt_cv_prog_compiler_c_o_CXX=yes
lt_cv_prog_compiler_rtti_exceptions=no
lt_cv_prog_gnu_ld=yes
lt_cv_prog_gnu_ldcxx=yes
lt_cv_sys_global_symbol_pipe='sed -n -e '\''s/^.*[ 	]\([ABCDGIRSTW][ABCDGIRSTW]*\)[ 	][ 	]*\([_A-Za-z][_A-Za-z0-9]*\)$/\1 \2 \2/p'\'''
lt_cv_sys_global_symbol_to_c_name_address='sed -n -e '\''s/^: \([^ ]*\) $/  {\"\1\", (lt_ptr) 0},/p'\'' -e '\''s/^[BCDEGRST] \([^ ]*\) \([^ ]*\)$/  {"\2", (lt_ptr) \&\2},/p'\'''
lt_cv_sys_global_symbol_to_cdecl='sed -n -e '\''s/^. .* \(.*\)$/extern int \1;/p'\'''
lt_cv_sys_max_cmd_len=32768
lt_lt_cv_prog_compiler_c_o='"yes"'
lt_lt_cv_prog_compiler_c_o_CXX='"yes"'
lt_lt_cv_sys_global_symbol_pipe='"sed -n -e '\''s/^.*[ 	]\\([ABCDGIRSTW][ABCDGIRSTW]*\\)[ 	][ 	]*\\([_A-Za-z][_A-Za-z0-9]*\\)\$/\\1 \\2 \\2/p'\''"'
lt_lt_cv_sys_global_symbol_to_c_name_address='"sed -n -e '\''s/^: \\([^ ]*\\) \$/  {\\\"\\1\\\", (lt_ptr) 0},/p'\'' -e '\''s/^[BCDEGRST] \\([^ ]*\\) \\([^ ]*\\)\$/  {\"\\2\", (lt_ptr) \\&\\2},/p'\''"'
lt_lt_cv_sys_global_symbol_to_cdecl='"sed -n -e '\''s/^. .* \\(.*\\)\$/extern int \\1;/p'\''"'

## ----------------- ##
## Output variables. ##
## ----------------- ##

ACLOCAL='${SHELL} /vagrant/rudecgi-5.0.0/missing --run aclocal-1.9'
AMDEPBACKSLASH='\'
AMDEP_FALSE='#'
AMDEP_TRUE=''
AMTAR='${SHELL} /vagrant/rudecgi-5.0.0/missing --run tar'
AR='ar'
AUTOCONF='${SHELL} /vagrant/rudecgi-5.0.0/missing --run autoconf'
AUTOHEADER='${SHELL} /vagrant/rudecgi-5.0.0/missing --run autoheader'
AUTOMAKE='${SHELL} /vagrant/rudecgi-5.0.0/missing --run automake-1.9'
AWK='mawk'
CC='gcc'
CCDEPMODE='depmode=gcc3'
CFLAGS='-g -O2'
CPP='gcc -E'
CPPFLAGS=''
CXX='g++'
CXXCPP='g++ -E'
CXXDEPMODE='depmode=gcc3'
CXXFLAGS='-g -O2'
CYGPATH_W='echo'
DEFS='-DPACKAGE_NAME=\"RudeCGI\" -DPACKAGE_TARNAME=\"rudecgi\" -DPACKAGE_VERSION=\"5.0.0\" -DPACKAGE_STRING=\"RudeCGI\ 5.0.0\" -DPACKAGE_BUGREPORT=\"matt@rudeserver.com\" -DPACKAGE=\"rudecgi\" -DVERSION=\"5.0.0\" -DSTDC_HEADERS=1 -DHAVE_SYS_TYPES_H=1 -DHAVE_SYS_STAT_H=1 -DHAVE_STDLIB_H=1 -DHAVE_STRING_H=1 -DHAVE_MEMORY_H=1 -DHAVE_STRINGS_H=1 -DHAVE_INTTYPES_H=1 -DHAVE_STDINT_H=1 -DHAVE_UNISTD_H=1 -DHAVE_DLFCN_H=1 -DSTDC_HEADERS=1 -DHAVE_FCNTL_H=1 -DHAVE_STDLIB_H=1 -DHAVE_STRING_H=1 -DHAVE_STRCHR=1 -DHAVE_STRCSPN=1 -DHAVE_STRRCHR=1 -DHAVE_STRSTR=1 '
DEPDIR='.deps'
ECHO='echo'
ECHO_C=''
ECHO_N='-n'
ECHO_T=''
EGREP='grep -E'
EXEEXT=''
F77=''
FFLAGS=''
INSTALL_DATA='${INSTALL} -m 644'
INSTALL_PROGRAM='${INSTALL}'
INSTALL_SCRIPT='${INSTALL}'
INSTALL_STRIP_PROGRAM='${SHELL} $(install_sh) -c -s'
LDFLAGS=''
LIBOBJS=''
LIBS=''
LIBTOOL='$(SHELL) $(top_builddir)/libtool'
LN_S='ln -s'
LTLIBOBJS=''
MAKEINFO='${SHELL} /vagrant/rudecgi-5.0.0/missing --run makeinfo'
OBJEXT='o'
PACKAGE='rudecgi'
PACKAGE_BUGREPORT='matt@rudeserver.com'
PACKAGE_NAME='RudeCGI'
PACKAGE_STRING='RudeCGI 5.0.0'
PACKAGE_TARNAME='rudecgi'
PACKAGE_VERSION='5.0.0'
PATH_SEPARATOR=':'
RANLIB='ranlib'
SET_MAKE=''
SHELL='/bin/bash'
STRIP='strip'
VERSION='5.0.0'
ac_ct_AR='ar'
ac_ct_CC='gcc'
ac_ct_CXX='g++'
ac_ct_F77=''
ac_ct_RANLIB='ranlib'
ac_ct_STRIP='strip'
am__fastdepCC_FALSE='#'
am__fastdepCC_TRUE=''
am__fastdepCXX_FALSE='#'
am__fastdepCXX_TRUE=''
am__include='include'
am__leading_dot='.'
am__quote=''
am__tar='${AMTAR} chof - "$$tardir"'
am__untar='${AMTAR} xf -'
bindir='${exec_prefix}/bin'
build='x86_64-unknown-linux-gnu'
build_alias=''
build_cpu='x86_64'
build_os='linux-gnu'
build_vendor='unknown'
datadir='${prefix}/share'
exec_prefix='${prefix}'
host='x86_64-unknown-linux-gnu'
host_alias=''
host_cpu='x86_64'
host_os='linux-gnu'
host_vendor='unknown'
includedir='${prefix}/include'
infodir='${prefix}/info'
install_sh='/vagrant/rudecgi-5.0.0/install-sh'
libdir='${exec_prefix}/lib'
libexecdir='${exec_prefix}/libexec'
localstatedir='${prefix}/var'
mandir='${prefix}/man'
mkdir_p='mkdir -p --'
oldincludedir='/usr/include'
prefix='/usr/local'
program_transform_name='s,x,x,'
sbindir='${exec_prefix}/sbin'
sharedstatedir='${prefix}/com'
sysconfdir='${prefix}/etc'
target='x86_64-unknown-linux-gnu'
target_alias=''
target_cpu='x86_64'
target_os='linux-gnu'
target_vendor='unknown'

## ----------- ##
## confdefs.h. ##
## ----------- ##

#define HAVE_DLFCN_H 1
#define HAVE_FCNTL_H 1
#define HAVE_INTTYPES_H 1
#define HAVE_MEMORY_H 1
#define HAVE_STDINT_H 1
#define HAVE_STDLIB_H 1
#define HAVE_STDLIB_H 1
#define HAVE_STRCHR 1
#define HAVE_STRCSPN 1
#define HAVE_STRINGS_H 1
#define HAVE_STRING_H 1
#define HAVE_STRING_H 1
#define HAVE_STRRCHR 1
#define HAVE_STRSTR 1
#define HAVE_SYS_STAT_H 1
#define HAVE_SYS_TYPES_H 1
#define HAVE_UNISTD_H 1
#define PACKAGE "rudecgi"
#define PACKAGE_BUGREPORT "matt@rudeserver.com"
#define PACKAGE_NAME "RudeCGI"
#define PACKAGE_STRING "RudeCGI 5.0.0"
#define PACKAGE_TARNAME "rudecgi"
#define PACKAGE_VERSION "5.0.0"
#define STDC_HEADERS 1
#define STDC_HEADERS 1
#define VERSION "5.0.0"
#endif
#ifdef __cplusplus
extern "C" void exit (int) throw ();

configure: exit 0
